0 silly argv {
0 silly argv   _: [ 'version' ],
0 silly argv   private: false,
0 silly argv   lernaVersion: '8.1.8',
0 silly argv   '$0': '/usr/local/bin/lerna'
0 silly argv }
1 notice cli v8.1.8
2 verbose packageConfigs Explicit "packages" configuration found in lerna.json. Resolving packages using the configured glob(s): ["packages/*","examples/*"]
3 verbose rootPath /Users/thomas/npm/cognito-node
4 info current version 0.1.0
5 silly isAnythingCommitted
6 verbose isAnythingCommitted 1
7 silly getCurrentBranch
8 verbose currentBranch main
9 silly remoteBranchExists
10 silly isBehindUpstream
11 silly isBehindUpstream main is behind origin/main by 0 commit(s) and ahead by 0
12 silly hasTags
13 verbose hasTags false
14 info Assuming all packages changed
15 verbose updated cognito
16 verbose updated @tomwoodfin/cognito-node
17 verbose git-describe undefined => "9a31a2d"
18 silly git-describe parsed => {"refCount":"2","sha":"9a31a2d","isDirty":false}
19 info execute Skipping releases
20 silly lifecycle No script for "preversion" in "cognito-react", continuing
21 silly lifecycle No script for "preversion" in "cognito", continuing
22 silly lifecycle No script for "preversion" in "@tomwoodfin/cognito-node", continuing
23 verbose version cognito has no lockfile. Skipping lockfile update.
24 verbose version @tomwoodfin/cognito-node has no lockfile. Skipping lockfile update.
25 silly lifecycle No script for "version" in "cognito", continuing
26 silly lifecycle No script for "version" in "@tomwoodfin/cognito-node", continuing
27 silly lifecycle No script for "version" in "cognito-react", continuing
28 verbose version Updating root package-lock.json
29 silly version Successfully applied prettier to updated file: examples/cognito/package.json
30 silly version Successfully applied prettier to updated file: packages/cognito-node/package.json
31 silly version Successfully applied prettier to updated file: lerna.json
32 silly version Successfully applied prettier to updated file: package-lock.json
33 silly gitAdd [
33 silly gitAdd   'examples/cognito/package.json',
33 silly gitAdd   'packages/cognito-node/package.json',
33 silly gitAdd   'lerna.json',
33 silly gitAdd   'package-lock.json'
33 silly gitAdd ]
34 error Error: Command failed with exit code 1: git add -- examples/cognito/package.json packages/cognito-node/package.json lerna.json package-lock.json
34 error The following paths are ignored by one of your .gitignore files:
34 error package-lock.json
34 error hint: Use -f if you really want to add them.
34 error hint: Turn this message off by running
34 error hint: "git config advice.addIgnoredFile false"
34 error     at makeError (/Users/thomas/npm/cognito-node/node_modules/execa/lib/error.js:59:11)
34 error     at handlePromise (/Users/thomas/npm/cognito-node/node_modules/execa/index.js:114:26)
34 error     at process.processTicksAndRejections (node:internal/process/task_queues:105:5)
34 error     at async VersionCommand.updatePackageVersions (/Users/thomas/npm/cognito-node/node_modules/lerna/dist/index.js:9904:11)
34 error     at async Promise.all (index 0)
